<?xml version="1.0" encoding="UTF-8"?>
<!-- Generated by org.testng.reporters.JUnitReportReporter -->
<testsuite hostname="DESKTOP-ETQNT92" name="cucu.API_Cucumber.testNGClass" tests="1" failures="0" timestamp="24 Aug 2020 11:08:21 GMT" time="0.018" errors="0">
  <testcase name="test" time="0.018" classname="cucu.API_Cucumber.testNGClass"/>
</testsuite> <!-- cucu.API_Cucumber.testNGClass -->
